{"numFailedTestSuites":0,"numFailedTests":0,"numPassedTestSuites":1,"numPassedTests":3,"numPendingTestSuites":0,"numPendingTests":0,"numRuntimeErrorTestSuites":0,"numTodoTests":0,"numTotalTestSuites":1,"numTotalTests":3,"openHandles":[],"snapshot":{"added":0,"didUpdate":false,"failure":false,"filesAdded":0,"filesRemoved":0,"filesRemovedList":[],"filesUnmatched":0,"filesUpdated":0,"matched":0,"total":0,"unchecked":0,"uncheckedKeysByFile":[],"unmatched":0,"updated":0},"startTime":1782562930485,"success":true,"testResults":[{"assertionResults":[{"ancestorTitles":["CounterService"],"duration":1,"failing":false,"failureDetails":[],"failureMessages":[],"fullName":"CounterService increments","invocations":1,"location":{"column":43,"line":492},"numPassingAsserts":2,"retryReasons":[],"startAt":1782562931384,"status":"passed","title":"increments"},{"ancestorTitles":["CounterService"],"duration":1,"failing":false,"failureDetails":[],"failureMessages":[],"fullName":"CounterService decrements + reset","invocations":1,"location":{"column":43,"line":492},"numPassingAsserts":2,"retryReasons":[],"startAt":1782562931387,"status":"passed","title":"decrements + reset"},{"ancestorTitles":["CounterService"],"duration":0,"failing":false,"failureDetails":[],"failureMessages":[],"fullName":"CounterService isPositive","invocations":1,"location":{"column":43,"line":492},"numPassingAsserts":2,"retryReasons":[],"startAt":1782562931389,"status":"passed","title":"isPositive"}],"endTime":1782562931390,"message":"","name":"/home/wruszbit/Dokumenty/probevane/fixtures/angular-counter/src/counter.service.spec.ts","startTime":1782562930770,"status":"passed","summary":""}],"wasInterrupted":false}
